#! /opt/homebrew/Cellar/icarus-verilog/13.0/bin/vvp
:ivl_version "13.0 (stable)" "(v13_0)";
:ivl_delay_selection "TYPICAL";
:vpi_time_precision + 0;
:vpi_module "/opt/homebrew/Cellar/icarus-verilog/13.0/lib/ivl/system.vpi";
:vpi_module "/opt/homebrew/Cellar/icarus-verilog/13.0/lib/ivl/vhdl_sys.vpi";
:vpi_module "/opt/homebrew/Cellar/icarus-verilog/13.0/lib/ivl/vhdl_textio.vpi";
:vpi_module "/opt/homebrew/Cellar/icarus-verilog/13.0/lib/ivl/v2005_math.vpi";
:vpi_module "/opt/homebrew/Cellar/icarus-verilog/13.0/lib/ivl/va_math.vpi";
S_0x1009347c0 .scope module, "wallace_mult_8bit" "wallace_mult_8bit" 2 5;
 .timescale 0 0;
    .port_info 0 /INPUT 1 "clk";
    .port_info 1 /INPUT 1 "rst_n";
    .port_info 2 /INPUT 1 "valid_in";
    .port_info 3 /INPUT 8 "a";
    .port_info 4 /INPUT 8 "b";
    .port_info 5 /OUTPUT 1 "valid_out";
    .port_info 6 /OUTPUT 16 "product";
o0x7f0400010 .functor BUFZ 8, c4<zzzzzzzz>; HiZ drive
v0x100934a20_0 .net "a", 7 0, o0x7f0400010;  0 drivers
o0x7f0400040 .functor BUFZ 8, c4<zzzzzzzz>; HiZ drive
v0x10093da20_0 .net "b", 7 0, o0x7f0400040;  0 drivers
v0x10093dac0_0 .var "carryA", 15 0;
v0x10093db60_0 .var "carryB", 15 0;
v0x10093dc00_0 .var "carryC", 15 0;
v0x10093dca0_0 .var "carry_temp", 15 0;
o0x7f0400130 .functor BUFZ 1, c4<z>; HiZ drive
v0x10093dd40_0 .net "clk", 0 0, o0x7f0400130;  0 drivers
v0x10093dde0_0 .var "pp0", 15 0;
v0x10093de80_0 .var "pp1", 15 0;
v0x10093df20_0 .var "pp2", 15 0;
v0x10093dfc0_0 .var "pp3", 15 0;
v0x10093e060_0 .var "pp4", 15 0;
v0x7f0000000_0 .var "pp5", 15 0;
v0x7f00000a0_0 .var "pp6", 15 0;
v0x7f0000140_0 .var "pp7", 15 0;
v0x7f00001e0_0 .var "product", 15 0;
v0x7f0000280_0 .var "row1_0", 15 0;
v0x7f0000320_0 .var "row1_1", 15 0;
v0x7f00003c0_0 .var "row1_2", 15 0;
v0x7f0000460_0 .var "row1_3", 15 0;
v0x7f0000500_0 .var "row1_4", 15 0;
v0x7f00005a0_0 .var "row1_5", 15 0;
v0x7f0000640_0 .var "row2_carry", 15 0;
v0x7f00006e0_0 .var "row2_sum", 15 0;
o0x7f0400490 .functor BUFZ 1, c4<z>; HiZ drive
v0x7f0000780_0 .net "rst_n", 0 0, o0x7f0400490;  0 drivers
v0x7f0000820_0 .var "stage1_valid", 0 0;
v0x7f00008c0_0 .var "stage2_valid", 0 0;
v0x7f0000960_0 .var "sumA", 15 0;
v0x7f0000a00_0 .var "sumB", 15 0;
v0x7f0000aa0_0 .var "sumC", 15 0;
v0x7f0000b40_0 .var "sum_temp", 15 0;
o0x7f04005e0 .functor BUFZ 1, c4<z>; HiZ drive
v0x7f0000be0_0 .net "valid_in", 0 0, o0x7f04005e0;  0 drivers
v0x7f0000c80_0 .var "valid_out", 0 0;
E_0x10093d340/0 .event negedge, v0x7f0000780_0;
E_0x10093d340/1 .event posedge, v0x10093dd40_0;
E_0x10093d340 .event/or E_0x10093d340/0, E_0x10093d340/1;
    .scope S_0x1009347c0;
T_0 ;
    %wait E_0x10093d340;
    %load/vec4 v0x7f0000780_0;
    %nor/r;
    %flag_set/vec4 8;
    %jmp/0xz  T_0.0, 8;
    %pushi/vec4 0, 0, 16;
    %assign/vec4 v0x7f0000280_0, 0;
    %pushi/vec4 0, 0, 16;
    %assign/vec4 v0x7f0000320_0, 0;
    %pushi/vec4 0, 0, 16;
    %assign/vec4 v0x7f00003c0_0, 0;
    %pushi/vec4 0, 0, 16;
    %assign/vec4 v0x7f0000460_0, 0;
    %pushi/vec4 0, 0, 16;
    %assign/vec4 v0x7f0000500_0, 0;
    %pushi/vec4 0, 0, 16;
    %assign/vec4 v0x7f00005a0_0, 0;
    %pushi/vec4 0, 0, 1;
    %assign/vec4 v0x7f0000820_0, 0;
    %jmp T_0.1;
T_0.0 ;
    %load/vec4 v0x10093da20_0;
    %parti/s 1, 0, 2;
    %pad/u 32;
    %cmpi/e 1, 0, 32;
    %jmp/0xz  T_0.2, 4;
    %load/vec4 v0x100934a20_0;
    %pad/u 16;
    %store/vec4 v0x10093dde0_0, 0, 16;
    %jmp T_0.3;
T_0.2 ;
    %pushi/vec4 0, 0, 16;
    %store/vec4 v0x10093dde0_0, 0, 16;
T_0.3 ;
    %load/vec4 v0x10093da20_0;
    %parti/s 1, 1, 2;
    %pad/u 32;
    %cmpi/e 1, 0, 32;
    %jmp/0xz  T_0.4, 4;
    %load/vec4 v0x100934a20_0;
    %pad/u 16;
    %ix/load 4, 1, 0;
    %flag_set/imm 4, 0;
    %shiftl 4;
    %store/vec4 v0x10093de80_0, 0, 16;
    %jmp T_0.5;
T_0.4 ;
    %pushi/vec4 0, 0, 16;
    %store/vec4 v0x10093de80_0, 0, 16;
T_0.5 ;
    %load/vec4 v0x10093da20_0;
    %parti/s 1, 2, 3;
    %pad/u 32;
    %cmpi/e 1, 0, 32;
    %jmp/0xz  T_0.6, 4;
    %load/vec4 v0x100934a20_0;
    %pad/u 16;
    %ix/load 4, 2, 0;
    %flag_set/imm 4, 0;
    %shiftl 4;
    %store/vec4 v0x10093df20_0, 0, 16;
    %jmp T_0.7;
T_0.6 ;
    %pushi/vec4 0, 0, 16;
    %store/vec4 v0x10093df20_0, 0, 16;
T_0.7 ;
    %load/vec4 v0x10093da20_0;
    %parti/s 1, 3, 3;
    %pad/u 32;
    %cmpi/e 1, 0, 32;
    %jmp/0xz  T_0.8, 4;
    %load/vec4 v0x100934a20_0;
    %pad/u 16;
    %ix/load 4, 3, 0;
    %flag_set/imm 4, 0;
    %shiftl 4;
    %store/vec4 v0x10093dfc0_0, 0, 16;
    %jmp T_0.9;
T_0.8 ;
    %pushi/vec4 0, 0, 16;
    %store/vec4 v0x10093dfc0_0, 0, 16;
T_0.9 ;
    %load/vec4 v0x10093da20_0;
    %parti/s 1, 4, 4;
    %pad/u 32;
    %cmpi/e 1, 0, 32;
    %jmp/0xz  T_0.10, 4;
    %load/vec4 v0x100934a20_0;
    %pad/u 16;
    %ix/load 4, 4, 0;
    %flag_set/imm 4, 0;
    %shiftl 4;
    %store/vec4 v0x10093e060_0, 0, 16;
    %jmp T_0.11;
T_0.10 ;
    %pushi/vec4 0, 0, 16;
    %store/vec4 v0x10093e060_0, 0, 16;
T_0.11 ;
    %load/vec4 v0x10093da20_0;
    %parti/s 1, 5, 4;
    %pad/u 32;
    %cmpi/e 1, 0, 32;
    %jmp/0xz  T_0.12, 4;
    %load/vec4 v0x100934a20_0;
    %pad/u 16;
    %ix/load 4, 5, 0;
    %flag_set/imm 4, 0;
    %shiftl 4;
    %store/vec4 v0x7f0000000_0, 0, 16;
    %jmp T_0.13;
T_0.12 ;
    %pushi/vec4 0, 0, 16;
    %store/vec4 v0x7f0000000_0, 0, 16;
T_0.13 ;
    %load/vec4 v0x10093da20_0;
    %parti/s 1, 6, 4;
    %pad/u 32;
    %cmpi/e 1, 0, 32;
    %jmp/0xz  T_0.14, 4;
    %load/vec4 v0x100934a20_0;
    %pad/u 16;
    %ix/load 4, 6, 0;
    %flag_set/imm 4, 0;
    %shiftl 4;
    %store/vec4 v0x7f00000a0_0, 0, 16;
    %jmp T_0.15;
T_0.14 ;
    %pushi/vec4 0, 0, 16;
    %store/vec4 v0x7f00000a0_0, 0, 16;
T_0.15 ;
    %load/vec4 v0x10093da20_0;
    %parti/s 1, 7, 4;
    %pad/u 32;
    %cmpi/e 1, 0, 32;
    %jmp/0xz  T_0.16, 4;
    %load/vec4 v0x100934a20_0;
    %pad/u 16;
    %ix/load 4, 7, 0;
    %flag_set/imm 4, 0;
    %shiftl 4;
    %store/vec4 v0x7f0000140_0, 0, 16;
    %jmp T_0.17;
T_0.16 ;
    %pushi/vec4 0, 0, 16;
    %store/vec4 v0x7f0000140_0, 0, 16;
T_0.17 ;
    %load/vec4 v0x10093dde0_0;
    %load/vec4 v0x10093de80_0;
    %xor;
    %load/vec4 v0x10093df20_0;
    %xor;
    %store/vec4 v0x7f0000b40_0, 0, 16;
    %load/vec4 v0x10093dde0_0;
    %load/vec4 v0x10093de80_0;
    %and;
    %load/vec4 v0x10093de80_0;
    %load/vec4 v0x10093df20_0;
    %and;
    %or;
    %load/vec4 v0x10093dde0_0;
    %load/vec4 v0x10093df20_0;
    %and;
    %or;
    %store/vec4 v0x10093dca0_0, 0, 16;
    %load/vec4 v0x10093dca0_0;
    %ix/load 4, 1, 0;
    %flag_set/imm 4, 0;
    %shiftl 4;
    %store/vec4 v0x10093dca0_0, 0, 16;
    %load/vec4 v0x7f0000b40_0;
    %assign/vec4 v0x7f0000280_0, 0;
    %load/vec4 v0x10093dca0_0;
    %assign/vec4 v0x7f0000320_0, 0;
    %load/vec4 v0x10093dfc0_0;
    %load/vec4 v0x10093e060_0;
    %xor;
    %load/vec4 v0x7f0000000_0;
    %xor;
    %store/vec4 v0x7f0000b40_0, 0, 16;
    %load/vec4 v0x10093dfc0_0;
    %load/vec4 v0x10093e060_0;
    %and;
    %load/vec4 v0x10093e060_0;
    %load/vec4 v0x7f0000000_0;
    %and;
    %or;
    %load/vec4 v0x10093dfc0_0;
    %load/vec4 v0x7f0000000_0;
    %and;
    %or;
    %store/vec4 v0x10093dca0_0, 0, 16;
    %load/vec4 v0x10093dca0_0;
    %ix/load 4, 1, 0;
    %flag_set/imm 4, 0;
    %shiftl 4;
    %store/vec4 v0x10093dca0_0, 0, 16;
    %load/vec4 v0x7f0000b40_0;
    %assign/vec4 v0x7f00003c0_0, 0;
    %load/vec4 v0x10093dca0_0;
    %assign/vec4 v0x7f0000460_0, 0;
    %load/vec4 v0x7f00000a0_0;
    %assign/vec4 v0x7f0000500_0, 0;
    %load/vec4 v0x7f0000140_0;
    %assign/vec4 v0x7f00005a0_0, 0;
    %load/vec4 v0x7f0000be0_0;
    %assign/vec4 v0x7f0000820_0, 0;
T_0.1 ;
    %jmp T_0;
    .thread T_0;
    .scope S_0x1009347c0;
T_1 ;
    %wait E_0x10093d340;
    %load/vec4 v0x7f0000780_0;
    %nor/r;
    %flag_set/vec4 8;
    %jmp/0xz  T_1.0, 8;
    %pushi/vec4 0, 0, 16;
    %assign/vec4 v0x7f00006e0_0, 0;
    %pushi/vec4 0, 0, 16;
    %assign/vec4 v0x7f0000640_0, 0;
    %pushi/vec4 0, 0, 1;
    %assign/vec4 v0x7f00008c0_0, 0;
    %jmp T_1.1;
T_1.0 ;
    %load/vec4 v0x7f0000280_0;
    %load/vec4 v0x7f0000320_0;
    %xor;
    %load/vec4 v0x7f00003c0_0;
    %xor;
    %store/vec4 v0x7f0000960_0, 0, 16;
    %load/vec4 v0x7f0000280_0;
    %load/vec4 v0x7f0000320_0;
    %and;
    %load/vec4 v0x7f0000320_0;
    %load/vec4 v0x7f00003c0_0;
    %and;
    %or;
    %load/vec4 v0x7f0000280_0;
    %load/vec4 v0x7f00003c0_0;
    %and;
    %or;
    %store/vec4 v0x10093dac0_0, 0, 16;
    %load/vec4 v0x10093dac0_0;
    %ix/load 4, 1, 0;
    %flag_set/imm 4, 0;
    %shiftl 4;
    %store/vec4 v0x10093dac0_0, 0, 16;
    %load/vec4 v0x7f0000460_0;
    %load/vec4 v0x7f0000500_0;
    %xor;
    %load/vec4 v0x7f00005a0_0;
    %xor;
    %store/vec4 v0x7f0000a00_0, 0, 16;
    %load/vec4 v0x7f0000460_0;
    %load/vec4 v0x7f0000500_0;
    %and;
    %load/vec4 v0x7f0000500_0;
    %load/vec4 v0x7f00005a0_0;
    %and;
    %or;
    %load/vec4 v0x7f0000460_0;
    %load/vec4 v0x7f00005a0_0;
    %and;
    %or;
    %store/vec4 v0x10093db60_0, 0, 16;
    %load/vec4 v0x10093db60_0;
    %ix/load 4, 1, 0;
    %flag_set/imm 4, 0;
    %shiftl 4;
    %store/vec4 v0x10093db60_0, 0, 16;
    %load/vec4 v0x7f0000960_0;
    %load/vec4 v0x10093dac0_0;
    %xor;
    %load/vec4 v0x7f0000a00_0;
    %xor;
    %store/vec4 v0x7f0000aa0_0, 0, 16;
    %load/vec4 v0x7f0000960_0;
    %load/vec4 v0x10093dac0_0;
    %and;
    %load/vec4 v0x10093dac0_0;
    %load/vec4 v0x7f0000a00_0;
    %and;
    %or;
    %load/vec4 v0x7f0000960_0;
    %load/vec4 v0x7f0000a00_0;
    %and;
    %or;
    %store/vec4 v0x10093dc00_0, 0, 16;
    %load/vec4 v0x10093dc00_0;
    %ix/load 4, 1, 0;
    %flag_set/imm 4, 0;
    %shiftl 4;
    %store/vec4 v0x10093dc00_0, 0, 16;
    %load/vec4 v0x7f0000aa0_0;
    %load/vec4 v0x10093db60_0;
    %xor;
    %assign/vec4 v0x7f00006e0_0, 0;
    %load/vec4 v0x10093dc00_0;
    %load/vec4 v0x7f0000aa0_0;
    %load/vec4 v0x10093db60_0;
    %and;
    %ix/load 4, 1, 0;
    %flag_set/imm 4, 0;
    %shiftl 4;
    %add;
    %assign/vec4 v0x7f0000640_0, 0;
    %load/vec4 v0x7f0000820_0;
    %assign/vec4 v0x7f00008c0_0, 0;
T_1.1 ;
    %jmp T_1;
    .thread T_1;
    .scope S_0x1009347c0;
T_2 ;
    %wait E_0x10093d340;
    %load/vec4 v0x7f0000780_0;
    %nor/r;
    %flag_set/vec4 8;
    %jmp/0xz  T_2.0, 8;
    %pushi/vec4 0, 0, 16;
    %assign/vec4 v0x7f00001e0_0, 0;
    %pushi/vec4 0, 0, 1;
    %assign/vec4 v0x7f0000c80_0, 0;
    %jmp T_2.1;
T_2.0 ;
    %load/vec4 v0x7f00006e0_0;
    %load/vec4 v0x7f0000640_0;
    %add;
    %assign/vec4 v0x7f00001e0_0, 0;
    %load/vec4 v0x7f00008c0_0;
    %assign/vec4 v0x7f0000c80_0, 0;
T_2.1 ;
    %jmp T_2;
    .thread T_2;
# The file index is used to find the file name in the following table.
:file_names 3;
    "N/A";
    "<interactive>";
    "wallace_mult_8bit.v";
