#! /opt/homebrew/Cellar/icarus-verilog/13.0/bin/vvp
:ivl_version "13.0 (stable)" "(v13_0)";
:ivl_delay_selection "TYPICAL";
:vpi_time_precision + 0;
:vpi_module "/opt/homebrew/Cellar/icarus-verilog/13.0/lib/ivl/system.vpi";
:vpi_module "/opt/homebrew/Cellar/icarus-verilog/13.0/lib/ivl/vhdl_sys.vpi";
:vpi_module "/opt/homebrew/Cellar/icarus-verilog/13.0/lib/ivl/vhdl_textio.vpi";
:vpi_module "/opt/homebrew/Cellar/icarus-verilog/13.0/lib/ivl/v2005_math.vpi";
:vpi_module "/opt/homebrew/Cellar/icarus-verilog/13.0/lib/ivl/va_math.vpi";
S_0x10043e9f0 .scope module, "tb_wallace_mult_8bit" "tb_wallace_mult_8bit" 2 5;
 .timescale 0 0;
v0xb3b038d20_0 .var "a", 7 0;
v0xb3b038dc0_0 .var "b", 7 0;
v0xb3b038e60_0 .var "clk", 0 0;
v0xb3b038f00_0 .var/real "elapsed_ns", 0 0;
v0xb3b038fa0_0 .var "end_time", 63 0;
v0xb3b039040_0 .var "expected", 15 0;
v0xb3b0390e0_0 .var/i "failures", 31 0;
v0xb3b039180_0 .var "got_valid", 0 0;
v0xb3b039220_0 .var/i "i", 31 0;
v0xb3b0392c0_0 .var/i "j", 31 0;
v0xb3b039360_0 .var "observed", 15 0;
v0xb3b039400_0 .net "product", 15 0, v0xb3b0381e0_0;  1 drivers
v0xb3b0394a0_0 .var "rst_n", 0 0;
v0xb3b039540_0 .var/i "seed", 31 0;
v0xb3b0395e0_0 .var "start_time", 63 0;
v0xb3b039680_0 .var/real "throughput_bytes_per_sec", 0 0;
v0xb3b039720_0 .var/real "throughput_mops", 0 0;
v0xb3b0397c0_0 .var "valid_in", 0 0;
v0xb3b039860_0 .net "valid_out", 0 0, v0xb3b038c80_0;  1 drivers
E_0xb3ac3e380 .event posedge, v0x1004456b0_0;
S_0x10043eb70 .scope module, "dut" "wallace_mult_8bit" 2 29, 3 5 0, S_0x10043e9f0;
 .timescale 0 0;
    .port_info 0 /INPUT 1 "clk";
    .port_info 1 /INPUT 1 "rst_n";
    .port_info 2 /INPUT 1 "valid_in";
    .port_info 3 /INPUT 8 "a";
    .port_info 4 /INPUT 8 "b";
    .port_info 5 /OUTPUT 1 "valid_out";
    .port_info 6 /OUTPUT 16 "product";
v0x100436860_0 .net "a", 7 0, v0xb3b038d20_0;  1 drivers
v0x100436900_0 .net "b", 7 0, v0xb3b038dc0_0;  1 drivers
v0x1004369a0_0 .var "carryA", 15 0;
v0x100436a40_0 .var "carryB", 15 0;
v0x100436ae0_0 .var "carryC", 15 0;
v0x100445610_0 .var "carry_temp", 15 0;
v0x1004456b0_0 .net "clk", 0 0, v0xb3b038e60_0;  1 drivers
v0x100444780_0 .var "pp0", 15 0;
v0x100444820_0 .var "pp1", 15 0;
v0x1004448c0_0 .var "pp2", 15 0;
v0x100445f20_0 .var "pp3", 15 0;
v0x100445fc0_0 .var "pp4", 15 0;
v0xb3b038000_0 .var "pp5", 15 0;
v0xb3b0380a0_0 .var "pp6", 15 0;
v0xb3b038140_0 .var "pp7", 15 0;
v0xb3b0381e0_0 .var "product", 15 0;
v0xb3b038280_0 .var "row1_0", 15 0;
v0xb3b038320_0 .var "row1_1", 15 0;
v0xb3b0383c0_0 .var "row1_2", 15 0;
v0xb3b038460_0 .var "row1_3", 15 0;
v0xb3b038500_0 .var "row1_4", 15 0;
v0xb3b0385a0_0 .var "row1_5", 15 0;
v0xb3b038640_0 .var "row2_carry", 15 0;
v0xb3b0386e0_0 .var "row2_sum", 15 0;
v0xb3b038780_0 .net "rst_n", 0 0, v0xb3b0394a0_0;  1 drivers
v0xb3b038820_0 .var "stage1_valid", 0 0;
v0xb3b0388c0_0 .var "stage2_valid", 0 0;
v0xb3b038960_0 .var "sumA", 15 0;
v0xb3b038a00_0 .var "sumB", 15 0;
v0xb3b038aa0_0 .var "sumC", 15 0;
v0xb3b038b40_0 .var "sum_temp", 15 0;
v0xb3b038be0_0 .net "valid_in", 0 0, v0xb3b0397c0_0;  1 drivers
v0xb3b038c80_0 .var "valid_out", 0 0;
E_0xb3ac3e400/0 .event negedge, v0xb3b038780_0;
E_0xb3ac3e400/1 .event posedge, v0x1004456b0_0;
E_0xb3ac3e400 .event/or E_0xb3ac3e400/0, E_0xb3ac3e400/1;
    .scope S_0x10043eb70;
T_0 ;
    %wait E_0xb3ac3e400;
    %load/vec4 v0xb3b038780_0;
    %nor/r;
    %flag_set/vec4 8;
    %jmp/0xz  T_0.0, 8;
    %pushi/vec4 0, 0, 16;
    %assign/vec4 v0xb3b038280_0, 0;
    %pushi/vec4 0, 0, 16;
    %assign/vec4 v0xb3b038320_0, 0;
    %pushi/vec4 0, 0, 16;
    %assign/vec4 v0xb3b0383c0_0, 0;
    %pushi/vec4 0, 0, 16;
    %assign/vec4 v0xb3b038460_0, 0;
    %pushi/vec4 0, 0, 16;
    %assign/vec4 v0xb3b038500_0, 0;
    %pushi/vec4 0, 0, 16;
    %assign/vec4 v0xb3b0385a0_0, 0;
    %pushi/vec4 0, 0, 1;
    %assign/vec4 v0xb3b038820_0, 0;
    %jmp T_0.1;
T_0.0 ;
    %load/vec4 v0x100436900_0;
    %parti/s 1, 0, 2;
    %pad/u 32;
    %cmpi/e 1, 0, 32;
    %jmp/0xz  T_0.2, 4;
    %load/vec4 v0x100436860_0;
    %pad/u 16;
    %store/vec4 v0x100444780_0, 0, 16;
    %jmp T_0.3;
T_0.2 ;
    %pushi/vec4 0, 0, 16;
    %store/vec4 v0x100444780_0, 0, 16;
T_0.3 ;
    %load/vec4 v0x100436900_0;
    %parti/s 1, 1, 2;
    %pad/u 32;
    %cmpi/e 1, 0, 32;
    %jmp/0xz  T_0.4, 4;
    %load/vec4 v0x100436860_0;
    %pad/u 16;
    %ix/load 4, 1, 0;
    %flag_set/imm 4, 0;
    %shiftl 4;
    %store/vec4 v0x100444820_0, 0, 16;
    %jmp T_0.5;
T_0.4 ;
    %pushi/vec4 0, 0, 16;
    %store/vec4 v0x100444820_0, 0, 16;
T_0.5 ;
    %load/vec4 v0x100436900_0;
    %parti/s 1, 2, 3;
    %pad/u 32;
    %cmpi/e 1, 0, 32;
    %jmp/0xz  T_0.6, 4;
    %load/vec4 v0x100436860_0;
    %pad/u 16;
    %ix/load 4, 2, 0;
    %flag_set/imm 4, 0;
    %shiftl 4;
    %store/vec4 v0x1004448c0_0, 0, 16;
    %jmp T_0.7;
T_0.6 ;
    %pushi/vec4 0, 0, 16;
    %store/vec4 v0x1004448c0_0, 0, 16;
T_0.7 ;
    %load/vec4 v0x100436900_0;
    %parti/s 1, 3, 3;
    %pad/u 32;
    %cmpi/e 1, 0, 32;
    %jmp/0xz  T_0.8, 4;
    %load/vec4 v0x100436860_0;
    %pad/u 16;
    %ix/load 4, 3, 0;
    %flag_set/imm 4, 0;
    %shiftl 4;
    %store/vec4 v0x100445f20_0, 0, 16;
    %jmp T_0.9;
T_0.8 ;
    %pushi/vec4 0, 0, 16;
    %store/vec4 v0x100445f20_0, 0, 16;
T_0.9 ;
    %load/vec4 v0x100436900_0;
    %parti/s 1, 4, 4;
    %pad/u 32;
    %cmpi/e 1, 0, 32;
    %jmp/0xz  T_0.10, 4;
    %load/vec4 v0x100436860_0;
    %pad/u 16;
    %ix/load 4, 4, 0;
    %flag_set/imm 4, 0;
    %shiftl 4;
    %store/vec4 v0x100445fc0_0, 0, 16;
    %jmp T_0.11;
T_0.10 ;
    %pushi/vec4 0, 0, 16;
    %store/vec4 v0x100445fc0_0, 0, 16;
T_0.11 ;
    %load/vec4 v0x100436900_0;
    %parti/s 1, 5, 4;
    %pad/u 32;
    %cmpi/e 1, 0, 32;
    %jmp/0xz  T_0.12, 4;
    %load/vec4 v0x100436860_0;
    %pad/u 16;
    %ix/load 4, 5, 0;
    %flag_set/imm 4, 0;
    %shiftl 4;
    %store/vec4 v0xb3b038000_0, 0, 16;
    %jmp T_0.13;
T_0.12 ;
    %pushi/vec4 0, 0, 16;
    %store/vec4 v0xb3b038000_0, 0, 16;
T_0.13 ;
    %load/vec4 v0x100436900_0;
    %parti/s 1, 6, 4;
    %pad/u 32;
    %cmpi/e 1, 0, 32;
    %jmp/0xz  T_0.14, 4;
    %load/vec4 v0x100436860_0;
    %pad/u 16;
    %ix/load 4, 6, 0;
    %flag_set/imm 4, 0;
    %shiftl 4;
    %store/vec4 v0xb3b0380a0_0, 0, 16;
    %jmp T_0.15;
T_0.14 ;
    %pushi/vec4 0, 0, 16;
    %store/vec4 v0xb3b0380a0_0, 0, 16;
T_0.15 ;
    %load/vec4 v0x100436900_0;
    %parti/s 1, 7, 4;
    %pad/u 32;
    %cmpi/e 1, 0, 32;
    %jmp/0xz  T_0.16, 4;
    %load/vec4 v0x100436860_0;
    %pad/u 16;
    %ix/load 4, 7, 0;
    %flag_set/imm 4, 0;
    %shiftl 4;
    %store/vec4 v0xb3b038140_0, 0, 16;
    %jmp T_0.17;
T_0.16 ;
    %pushi/vec4 0, 0, 16;
    %store/vec4 v0xb3b038140_0, 0, 16;
T_0.17 ;
    %load/vec4 v0x100444780_0;
    %load/vec4 v0x100444820_0;
    %xor;
    %load/vec4 v0x1004448c0_0;
    %xor;
    %store/vec4 v0xb3b038b40_0, 0, 16;
    %load/vec4 v0x100444780_0;
    %load/vec4 v0x100444820_0;
    %and;
    %load/vec4 v0x100444820_0;
    %load/vec4 v0x1004448c0_0;
    %and;
    %or;
    %load/vec4 v0x100444780_0;
    %load/vec4 v0x1004448c0_0;
    %and;
    %or;
    %store/vec4 v0x100445610_0, 0, 16;
    %load/vec4 v0x100445610_0;
    %ix/load 4, 1, 0;
    %flag_set/imm 4, 0;
    %shiftl 4;
    %store/vec4 v0x100445610_0, 0, 16;
    %load/vec4 v0xb3b038b40_0;
    %assign/vec4 v0xb3b038280_0, 0;
    %load/vec4 v0x100445610_0;
    %assign/vec4 v0xb3b038320_0, 0;
    %load/vec4 v0x100445f20_0;
    %load/vec4 v0x100445fc0_0;
    %xor;
    %load/vec4 v0xb3b038000_0;
    %xor;
    %store/vec4 v0xb3b038b40_0, 0, 16;
    %load/vec4 v0x100445f20_0;
    %load/vec4 v0x100445fc0_0;
    %and;
    %load/vec4 v0x100445fc0_0;
    %load/vec4 v0xb3b038000_0;
    %and;
    %or;
    %load/vec4 v0x100445f20_0;
    %load/vec4 v0xb3b038000_0;
    %and;
    %or;
    %store/vec4 v0x100445610_0, 0, 16;
    %load/vec4 v0x100445610_0;
    %ix/load 4, 1, 0;
    %flag_set/imm 4, 0;
    %shiftl 4;
    %store/vec4 v0x100445610_0, 0, 16;
    %load/vec4 v0xb3b038b40_0;
    %assign/vec4 v0xb3b0383c0_0, 0;
    %load/vec4 v0x100445610_0;
    %assign/vec4 v0xb3b038460_0, 0;
    %load/vec4 v0xb3b0380a0_0;
    %assign/vec4 v0xb3b038500_0, 0;
    %load/vec4 v0xb3b038140_0;
    %assign/vec4 v0xb3b0385a0_0, 0;
    %load/vec4 v0xb3b038be0_0;
    %assign/vec4 v0xb3b038820_0, 0;
T_0.1 ;
    %jmp T_0;
    .thread T_0;
    .scope S_0x10043eb70;
T_1 ;
    %wait E_0xb3ac3e400;
    %load/vec4 v0xb3b038780_0;
    %nor/r;
    %flag_set/vec4 8;
    %jmp/0xz  T_1.0, 8;
    %pushi/vec4 0, 0, 16;
    %assign/vec4 v0xb3b0386e0_0, 0;
    %pushi/vec4 0, 0, 16;
    %assign/vec4 v0xb3b038640_0, 0;
    %pushi/vec4 0, 0, 1;
    %assign/vec4 v0xb3b0388c0_0, 0;
    %jmp T_1.1;
T_1.0 ;
    %load/vec4 v0xb3b038280_0;
    %load/vec4 v0xb3b038320_0;
    %xor;
    %load/vec4 v0xb3b0383c0_0;
    %xor;
    %store/vec4 v0xb3b038960_0, 0, 16;
    %load/vec4 v0xb3b038280_0;
    %load/vec4 v0xb3b038320_0;
    %and;
    %load/vec4 v0xb3b038320_0;
    %load/vec4 v0xb3b0383c0_0;
    %and;
    %or;
    %load/vec4 v0xb3b038280_0;
    %load/vec4 v0xb3b0383c0_0;
    %and;
    %or;
    %store/vec4 v0x1004369a0_0, 0, 16;
    %load/vec4 v0x1004369a0_0;
    %ix/load 4, 1, 0;
    %flag_set/imm 4, 0;
    %shiftl 4;
    %store/vec4 v0x1004369a0_0, 0, 16;
    %load/vec4 v0xb3b038460_0;
    %load/vec4 v0xb3b038500_0;
    %xor;
    %load/vec4 v0xb3b0385a0_0;
    %xor;
    %store/vec4 v0xb3b038a00_0, 0, 16;
    %load/vec4 v0xb3b038460_0;
    %load/vec4 v0xb3b038500_0;
    %and;
    %load/vec4 v0xb3b038500_0;
    %load/vec4 v0xb3b0385a0_0;
    %and;
    %or;
    %load/vec4 v0xb3b038460_0;
    %load/vec4 v0xb3b0385a0_0;
    %and;
    %or;
    %store/vec4 v0x100436a40_0, 0, 16;
    %load/vec4 v0x100436a40_0;
    %ix/load 4, 1, 0;
    %flag_set/imm 4, 0;
    %shiftl 4;
    %store/vec4 v0x100436a40_0, 0, 16;
    %load/vec4 v0xb3b038960_0;
    %load/vec4 v0x1004369a0_0;
    %xor;
    %load/vec4 v0xb3b038a00_0;
    %xor;
    %store/vec4 v0xb3b038aa0_0, 0, 16;
    %load/vec4 v0xb3b038960_0;
    %load/vec4 v0x1004369a0_0;
    %and;
    %load/vec4 v0x1004369a0_0;
    %load/vec4 v0xb3b038a00_0;
    %and;
    %or;
    %load/vec4 v0xb3b038960_0;
    %load/vec4 v0xb3b038a00_0;
    %and;
    %or;
    %store/vec4 v0x100436ae0_0, 0, 16;
    %load/vec4 v0x100436ae0_0;
    %ix/load 4, 1, 0;
    %flag_set/imm 4, 0;
    %shiftl 4;
    %store/vec4 v0x100436ae0_0, 0, 16;
    %load/vec4 v0xb3b038aa0_0;
    %load/vec4 v0x100436a40_0;
    %xor;
    %assign/vec4 v0xb3b0386e0_0, 0;
    %load/vec4 v0x100436ae0_0;
    %load/vec4 v0xb3b038aa0_0;
    %load/vec4 v0x100436a40_0;
    %and;
    %ix/load 4, 1, 0;
    %flag_set/imm 4, 0;
    %shiftl 4;
    %add;
    %assign/vec4 v0xb3b038640_0, 0;
    %load/vec4 v0xb3b038820_0;
    %assign/vec4 v0xb3b0388c0_0, 0;
T_1.1 ;
    %jmp T_1;
    .thread T_1;
    .scope S_0x10043eb70;
T_2 ;
    %wait E_0xb3ac3e400;
    %load/vec4 v0xb3b038780_0;
    %nor/r;
    %flag_set/vec4 8;
    %jmp/0xz  T_2.0, 8;
    %pushi/vec4 0, 0, 16;
    %assign/vec4 v0xb3b0381e0_0, 0;
    %pushi/vec4 0, 0, 1;
    %assign/vec4 v0xb3b038c80_0, 0;
    %jmp T_2.1;
T_2.0 ;
    %load/vec4 v0xb3b0386e0_0;
    %load/vec4 v0xb3b038640_0;
    %add;
    %assign/vec4 v0xb3b0381e0_0, 0;
    %load/vec4 v0xb3b0388c0_0;
    %assign/vec4 v0xb3b038c80_0, 0;
T_2.1 ;
    %jmp T_2;
    .thread T_2;
    .scope S_0x10043e9f0;
T_3 ;
    %pushi/vec4 0, 0, 1;
    %store/vec4 v0xb3b038e60_0, 0, 1;
    %end;
    .thread T_3;
    .scope S_0x10043e9f0;
T_4 ;
    %delay 10, 0;
    %load/vec4 v0xb3b038e60_0;
    %inv;
    %store/vec4 v0xb3b038e60_0, 0, 1;
    %jmp T_4;
    .thread T_4;
    .scope S_0x10043e9f0;
T_5 ;
    %vpi_func 2 48 "$time" 64 {0 0 0};
    %store/vec4 v0xb3b0395e0_0, 0, 64;
    %pushi/vec4 0, 0, 1;
    %store/vec4 v0xb3b0394a0_0, 0, 1;
    %pushi/vec4 0, 0, 1;
    %store/vec4 v0xb3b0397c0_0, 0, 1;
    %pushi/vec4 0, 0, 8;
    %store/vec4 v0xb3b038d20_0, 0, 8;
    %pushi/vec4 0, 0, 8;
    %store/vec4 v0xb3b038dc0_0, 0, 8;
    %pushi/vec4 0, 0, 32;
    %store/vec4 v0xb3b0390e0_0, 0, 32;
    %pushi/vec4 12345, 0, 32;
    %store/vec4 v0xb3b039540_0, 0, 32;
    %pushi/vec4 3, 0, 32;
T_5.0 %dup/vec4;
    %cmpi/s 0, 0, 32;
    %jmp/1xz T_5.1, 5;
    %jmp/1 T_5.1, 4;
    %subi 1, 0, 32;
    %wait E_0xb3ac3e380;
    %jmp T_5.0;
T_5.1 ;
    %pop/vec4 1;
    %pushi/vec4 1, 0, 1;
    %store/vec4 v0xb3b0394a0_0, 0, 1;
    %wait E_0xb3ac3e380;
    %vpi_call 2 64 "$display", "Starting 1000 random tests..." {0 0 0};
    %pushi/vec4 0, 0, 32;
    %store/vec4 v0xb3b039220_0, 0, 32;
T_5.2 ; Top of for-loop
    %load/vec4 v0xb3b039220_0;
    %cmpi/s 1000, 0, 32;
	  %jmp/0xz T_5.3, 5;
    %load/vec4 v0xb3b039540_0;
    %addi 1, 0, 32;
    %store/vec4 v0xb3b039540_0, 0, 32;
    %vpi_func 2 69 "$random" 32, v0xb3b039540_0 {0 0 0};
    %pushi/vec4 255, 0, 32;
    %and;
    %pad/u 8;
    %store/vec4 v0xb3b038d20_0, 0, 8;
    %vpi_func 2 70 "$random" 32, v0xb3b039540_0 {0 0 0};
    %pushi/vec4 255, 0, 32;
    %and;
    %pad/u 8;
    %store/vec4 v0xb3b038dc0_0, 0, 8;
    %load/vec4 v0xb3b038d20_0;
    %pad/u 16;
    %load/vec4 v0xb3b038dc0_0;
    %pad/u 16;
    %mul;
    %store/vec4 v0xb3b039040_0, 0, 16;
    %pushi/vec4 1, 0, 1;
    %store/vec4 v0xb3b0397c0_0, 0, 1;
    %wait E_0xb3ac3e380;
    %pushi/vec4 0, 0, 1;
    %store/vec4 v0xb3b0397c0_0, 0, 1;
    %pushi/vec4 0, 0, 16;
    %store/vec4 v0xb3b039360_0, 0, 16;
    %pushi/vec4 0, 0, 1;
    %store/vec4 v0xb3b039180_0, 0, 1;
    %pushi/vec4 0, 0, 32;
    %store/vec4 v0xb3b0392c0_0, 0, 32;
T_5.5 ; Top of for-loop
    %load/vec4 v0xb3b0392c0_0;
    %cmpi/s 10, 0, 32;
	  %jmp/0xz T_5.6, 5;
    %load/vec4 v0xb3b039860_0;
    %cmpi/e 1, 0, 1;
    %jmp/0xz  T_5.8, 6;
    %load/vec4 v0xb3b039400_0;
    %store/vec4 v0xb3b039360_0, 0, 16;
    %pushi/vec4 1, 0, 1;
    %store/vec4 v0xb3b039180_0, 0, 1;
    %pushi/vec4 10, 0, 32;
    %store/vec4 v0xb3b0392c0_0, 0, 32;
    %jmp T_5.9;
T_5.8 ;
    %wait E_0xb3ac3e380;
T_5.9 ;
T_5.7 ; for-loop step statement
    %load/vec4 v0xb3b0392c0_0;
    %addi 1, 0, 32;
    %store/vec4 v0xb3b0392c0_0, 0, 32;
    %jmp T_5.5;
T_5.6 ; for-loop exit label
    %load/vec4 v0xb3b039180_0;
    %nor/r;
    %flag_set/vec4 8;
    %jmp/0xz  T_5.10, 8;
    %vpi_call 2 92 "$display", "ERROR: case %0d - missing valid_out for a=%0d b=%0d", v0xb3b039220_0, v0xb3b038d20_0, v0xb3b038dc0_0 {0 0 0};
    %load/vec4 v0xb3b0390e0_0;
    %addi 1, 0, 32;
    %store/vec4 v0xb3b0390e0_0, 0, 32;
    %vpi_call 2 94 "$finish" {0 0 0};
T_5.10 ;
    %load/vec4 v0xb3b039360_0;
    %load/vec4 v0xb3b039040_0;
    %cmp/ne;
    %jmp/0xz  T_5.12, 6;
    %vpi_call 2 98 "$display", "ERROR: case %0d - a=%0d b=%0d expected=%0d got=%0d", v0xb3b039220_0, v0xb3b038d20_0, v0xb3b038dc0_0, v0xb3b039040_0, v0xb3b039360_0 {0 0 0};
    %load/vec4 v0xb3b0390e0_0;
    %addi 1, 0, 32;
    %store/vec4 v0xb3b0390e0_0, 0, 32;
    %vpi_call 2 100 "$finish" {0 0 0};
T_5.12 ;
T_5.4 ; for-loop step statement
    %load/vec4 v0xb3b039220_0;
    %addi 1, 0, 32;
    %store/vec4 v0xb3b039220_0, 0, 32;
    %jmp T_5.2;
T_5.3 ; for-loop exit label
    %vpi_func 2 104 "$time" 64 {0 0 0};
    %store/vec4 v0xb3b038fa0_0, 0, 64;
    %load/vec4 v0xb3b038fa0_0;
    %load/vec4 v0xb3b0395e0_0;
    %sub;
    %cvt/rv;
    %store/real v0xb3b038f00_0;
    %pushi/real 0, 4065; load=0.00000
    %load/real v0xb3b038f00_0;
    %cmp/wr;
    %jmp/0xz  T_5.14, 5;
    %pushi/real 1953125000, 4105; load=1.00000e+12
    %load/real v0xb3b038f00_0;
    %div/wr;
    %store/real v0xb3b039720_0;
    %pushi/real 1953125000, 4106; load=2.00000e+12
    %load/real v0xb3b038f00_0;
    %div/wr;
    %store/real v0xb3b039680_0;
    %jmp T_5.15;
T_5.14 ;
    %pushi/real 0, 4065; load=0.00000
    %store/real v0xb3b039720_0;
    %pushi/real 0, 4065; load=0.00000
    %store/real v0xb3b039680_0;
T_5.15 ;
    %vpi_call 2 114 "$display", "All 1000 random cases passed." {0 0 0};
    %vpi_call 2 115 "$display", "Execution finished at time %0t ns", $time {0 0 0};
    %vpi_call 2 116 "$display", "Completed 1000 cases in %0.3f ns", v0xb3b038f00_0 {0 0 0};
    %load/real v0xb3b039720_0;
    %pushi/real 2048000000, 4085; load=1.00000e+06
    %div/wr;
    %vpi_call 2 117 "$display", "Throughput = %0.3f MOPS/s", W<0,r> {0 1 0};
    %load/real v0xb3b039680_0;
    %pushi/real 2048000000, 4085; load=1.00000e+06
    %div/wr;
    %vpi_call 2 118 "$display", "Throughput = %0.3f MB/s", W<0,r> {0 1 0};
    %vpi_call 2 119 "$finish" {0 0 0};
    %end;
    .thread T_5;
# The file index is used to find the file name in the following table.
:file_names 4;
    "N/A";
    "<interactive>";
    "tb_rand_wallace_mult_8bit.v";
    "wallace_mult_8bit.v";
