#! /opt/homebrew/Cellar/icarus-verilog/13.0/bin/vvp
:ivl_version "13.0 (stable)" "(v13_0)";
:ivl_delay_selection "TYPICAL";
:vpi_time_precision + 0;
:vpi_module "/opt/homebrew/Cellar/icarus-verilog/13.0/lib/ivl/system.vpi";
:vpi_module "/opt/homebrew/Cellar/icarus-verilog/13.0/lib/ivl/vhdl_sys.vpi";
:vpi_module "/opt/homebrew/Cellar/icarus-verilog/13.0/lib/ivl/vhdl_textio.vpi";
:vpi_module "/opt/homebrew/Cellar/icarus-verilog/13.0/lib/ivl/v2005_math.vpi";
:vpi_module "/opt/homebrew/Cellar/icarus-verilog/13.0/lib/ivl/va_math.vpi";
S_0x1034cd4b0 .scope module, "tb_wallace_mult_8bit" "tb_wallace_mult_8bit" 2 5;
 .timescale 0 0;
v0x7ab030d20_0 .var "a", 7 0;
v0x7ab030dc0_0 .var "b", 7 0;
v0x7ab030e60_0 .var "clk", 0 0;
v0x7ab030f00_0 .net "product", 15 0, v0x7ab0301e0_0;  1 drivers
v0x7ab030fa0_0 .var "rst_n", 0 0;
v0x7ab031040_0 .var "valid_in", 0 0;
v0x7ab0310e0_0 .net "valid_out", 0 0, v0x7ab030c80_0;  1 drivers
E_0x7aac696c0 .event posedge, v0x1034d46a0_0;
S_0x1034cd630 .scope module, "dut" "wallace_mult_8bit" 2 16, 3 5 0, S_0x1034cd4b0;
 .timescale 0 0;
    .port_info 0 /INPUT 1 "clk";
    .port_info 1 /INPUT 1 "rst_n";
    .port_info 2 /INPUT 1 "valid_in";
    .port_info 3 /INPUT 8 "a";
    .port_info 4 /INPUT 8 "b";
    .port_info 5 /OUTPUT 1 "valid_out";
    .port_info 6 /OUTPUT 16 "product";
v0x1034c7fa0_0 .net "a", 7 0, v0x7ab030d20_0;  1 drivers
v0x1034c8040_0 .net "b", 7 0, v0x7ab030dc0_0;  1 drivers
v0x1034c80e0_0 .var "carryA", 15 0;
v0x1034c8180_0 .var "carryB", 15 0;
v0x1034c8220_0 .var "carryC", 15 0;
v0x1034d4600_0 .var "carry_temp", 15 0;
v0x1034d46a0_0 .net "clk", 0 0, v0x7ab030e60_0;  1 drivers
v0x1034d4740_0 .var "pp0", 15 0;
v0x1034d47e0_0 .var "pp1", 15 0;
v0x1034d4880_0 .var "pp2", 15 0;
v0x1034d4920_0 .var "pp3", 15 0;
v0x1034d49c0_0 .var "pp4", 15 0;
v0x7ab030000_0 .var "pp5", 15 0;
v0x7ab0300a0_0 .var "pp6", 15 0;
v0x7ab030140_0 .var "pp7", 15 0;
v0x7ab0301e0_0 .var "product", 15 0;
v0x7ab030280_0 .var "row1_0", 15 0;
v0x7ab030320_0 .var "row1_1", 15 0;
v0x7ab0303c0_0 .var "row1_2", 15 0;
v0x7ab030460_0 .var "row1_3", 15 0;
v0x7ab030500_0 .var "row1_4", 15 0;
v0x7ab0305a0_0 .var "row1_5", 15 0;
v0x7ab030640_0 .var "row2_carry", 15 0;
v0x7ab0306e0_0 .var "row2_sum", 15 0;
v0x7ab030780_0 .net "rst_n", 0 0, v0x7ab030fa0_0;  1 drivers
v0x7ab030820_0 .var "stage1_valid", 0 0;
v0x7ab0308c0_0 .var "stage2_valid", 0 0;
v0x7ab030960_0 .var "sumA", 15 0;
v0x7ab030a00_0 .var "sumB", 15 0;
v0x7ab030aa0_0 .var "sumC", 15 0;
v0x7ab030b40_0 .var "sum_temp", 15 0;
v0x7ab030be0_0 .net "valid_in", 0 0, v0x7ab031040_0;  1 drivers
v0x7ab030c80_0 .var "valid_out", 0 0;
E_0x7aac69740/0 .event negedge, v0x7ab030780_0;
E_0x7aac69740/1 .event posedge, v0x1034d46a0_0;
E_0x7aac69740 .event/or E_0x7aac69740/0, E_0x7aac69740/1;
    .scope S_0x1034cd630;
T_0 ;
    %wait E_0x7aac69740;
    %load/vec4 v0x7ab030780_0;
    %nor/r;
    %flag_set/vec4 8;
    %jmp/0xz  T_0.0, 8;
    %pushi/vec4 0, 0, 16;
    %assign/vec4 v0x7ab030280_0, 0;
    %pushi/vec4 0, 0, 16;
    %assign/vec4 v0x7ab030320_0, 0;
    %pushi/vec4 0, 0, 16;
    %assign/vec4 v0x7ab0303c0_0, 0;
    %pushi/vec4 0, 0, 16;
    %assign/vec4 v0x7ab030460_0, 0;
    %pushi/vec4 0, 0, 16;
    %assign/vec4 v0x7ab030500_0, 0;
    %pushi/vec4 0, 0, 16;
    %assign/vec4 v0x7ab0305a0_0, 0;
    %pushi/vec4 0, 0, 1;
    %assign/vec4 v0x7ab030820_0, 0;
    %jmp T_0.1;
T_0.0 ;
    %load/vec4 v0x1034c8040_0;
    %parti/s 1, 0, 2;
    %pad/u 32;
    %cmpi/e 1, 0, 32;
    %jmp/0xz  T_0.2, 4;
    %load/vec4 v0x1034c7fa0_0;
    %pad/u 16;
    %store/vec4 v0x1034d4740_0, 0, 16;
    %jmp T_0.3;
T_0.2 ;
    %pushi/vec4 0, 0, 16;
    %store/vec4 v0x1034d4740_0, 0, 16;
T_0.3 ;
    %load/vec4 v0x1034c8040_0;
    %parti/s 1, 1, 2;
    %pad/u 32;
    %cmpi/e 1, 0, 32;
    %jmp/0xz  T_0.4, 4;
    %load/vec4 v0x1034c7fa0_0;
    %pad/u 16;
    %ix/load 4, 1, 0;
    %flag_set/imm 4, 0;
    %shiftl 4;
    %store/vec4 v0x1034d47e0_0, 0, 16;
    %jmp T_0.5;
T_0.4 ;
    %pushi/vec4 0, 0, 16;
    %store/vec4 v0x1034d47e0_0, 0, 16;
T_0.5 ;
    %load/vec4 v0x1034c8040_0;
    %parti/s 1, 2, 3;
    %pad/u 32;
    %cmpi/e 1, 0, 32;
    %jmp/0xz  T_0.6, 4;
    %load/vec4 v0x1034c7fa0_0;
    %pad/u 16;
    %ix/load 4, 2, 0;
    %flag_set/imm 4, 0;
    %shiftl 4;
    %store/vec4 v0x1034d4880_0, 0, 16;
    %jmp T_0.7;
T_0.6 ;
    %pushi/vec4 0, 0, 16;
    %store/vec4 v0x1034d4880_0, 0, 16;
T_0.7 ;
    %load/vec4 v0x1034c8040_0;
    %parti/s 1, 3, 3;
    %pad/u 32;
    %cmpi/e 1, 0, 32;
    %jmp/0xz  T_0.8, 4;
    %load/vec4 v0x1034c7fa0_0;
    %pad/u 16;
    %ix/load 4, 3, 0;
    %flag_set/imm 4, 0;
    %shiftl 4;
    %store/vec4 v0x1034d4920_0, 0, 16;
    %jmp T_0.9;
T_0.8 ;
    %pushi/vec4 0, 0, 16;
    %store/vec4 v0x1034d4920_0, 0, 16;
T_0.9 ;
    %load/vec4 v0x1034c8040_0;
    %parti/s 1, 4, 4;
    %pad/u 32;
    %cmpi/e 1, 0, 32;
    %jmp/0xz  T_0.10, 4;
    %load/vec4 v0x1034c7fa0_0;
    %pad/u 16;
    %ix/load 4, 4, 0;
    %flag_set/imm 4, 0;
    %shiftl 4;
    %store/vec4 v0x1034d49c0_0, 0, 16;
    %jmp T_0.11;
T_0.10 ;
    %pushi/vec4 0, 0, 16;
    %store/vec4 v0x1034d49c0_0, 0, 16;
T_0.11 ;
    %load/vec4 v0x1034c8040_0;
    %parti/s 1, 5, 4;
    %pad/u 32;
    %cmpi/e 1, 0, 32;
    %jmp/0xz  T_0.12, 4;
    %load/vec4 v0x1034c7fa0_0;
    %pad/u 16;
    %ix/load 4, 5, 0;
    %flag_set/imm 4, 0;
    %shiftl 4;
    %store/vec4 v0x7ab030000_0, 0, 16;
    %jmp T_0.13;
T_0.12 ;
    %pushi/vec4 0, 0, 16;
    %store/vec4 v0x7ab030000_0, 0, 16;
T_0.13 ;
    %load/vec4 v0x1034c8040_0;
    %parti/s 1, 6, 4;
    %pad/u 32;
    %cmpi/e 1, 0, 32;
    %jmp/0xz  T_0.14, 4;
    %load/vec4 v0x1034c7fa0_0;
    %pad/u 16;
    %ix/load 4, 6, 0;
    %flag_set/imm 4, 0;
    %shiftl 4;
    %store/vec4 v0x7ab0300a0_0, 0, 16;
    %jmp T_0.15;
T_0.14 ;
    %pushi/vec4 0, 0, 16;
    %store/vec4 v0x7ab0300a0_0, 0, 16;
T_0.15 ;
    %load/vec4 v0x1034c8040_0;
    %parti/s 1, 7, 4;
    %pad/u 32;
    %cmpi/e 1, 0, 32;
    %jmp/0xz  T_0.16, 4;
    %load/vec4 v0x1034c7fa0_0;
    %pad/u 16;
    %ix/load 4, 7, 0;
    %flag_set/imm 4, 0;
    %shiftl 4;
    %store/vec4 v0x7ab030140_0, 0, 16;
    %jmp T_0.17;
T_0.16 ;
    %pushi/vec4 0, 0, 16;
    %store/vec4 v0x7ab030140_0, 0, 16;
T_0.17 ;
    %load/vec4 v0x1034d4740_0;
    %load/vec4 v0x1034d47e0_0;
    %xor;
    %load/vec4 v0x1034d4880_0;
    %xor;
    %store/vec4 v0x7ab030b40_0, 0, 16;
    %load/vec4 v0x1034d4740_0;
    %load/vec4 v0x1034d47e0_0;
    %and;
    %load/vec4 v0x1034d47e0_0;
    %load/vec4 v0x1034d4880_0;
    %and;
    %or;
    %load/vec4 v0x1034d4740_0;
    %load/vec4 v0x1034d4880_0;
    %and;
    %or;
    %store/vec4 v0x1034d4600_0, 0, 16;
    %load/vec4 v0x1034d4600_0;
    %ix/load 4, 1, 0;
    %flag_set/imm 4, 0;
    %shiftl 4;
    %store/vec4 v0x1034d4600_0, 0, 16;
    %load/vec4 v0x7ab030b40_0;
    %assign/vec4 v0x7ab030280_0, 0;
    %load/vec4 v0x1034d4600_0;
    %assign/vec4 v0x7ab030320_0, 0;
    %load/vec4 v0x1034d4920_0;
    %load/vec4 v0x1034d49c0_0;
    %xor;
    %load/vec4 v0x7ab030000_0;
    %xor;
    %store/vec4 v0x7ab030b40_0, 0, 16;
    %load/vec4 v0x1034d4920_0;
    %load/vec4 v0x1034d49c0_0;
    %and;
    %load/vec4 v0x1034d49c0_0;
    %load/vec4 v0x7ab030000_0;
    %and;
    %or;
    %load/vec4 v0x1034d4920_0;
    %load/vec4 v0x7ab030000_0;
    %and;
    %or;
    %store/vec4 v0x1034d4600_0, 0, 16;
    %load/vec4 v0x1034d4600_0;
    %ix/load 4, 1, 0;
    %flag_set/imm 4, 0;
    %shiftl 4;
    %store/vec4 v0x1034d4600_0, 0, 16;
    %load/vec4 v0x7ab030b40_0;
    %assign/vec4 v0x7ab0303c0_0, 0;
    %load/vec4 v0x1034d4600_0;
    %assign/vec4 v0x7ab030460_0, 0;
    %load/vec4 v0x7ab0300a0_0;
    %assign/vec4 v0x7ab030500_0, 0;
    %load/vec4 v0x7ab030140_0;
    %assign/vec4 v0x7ab0305a0_0, 0;
    %load/vec4 v0x7ab030be0_0;
    %assign/vec4 v0x7ab030820_0, 0;
T_0.1 ;
    %jmp T_0;
    .thread T_0;
    .scope S_0x1034cd630;
T_1 ;
    %wait E_0x7aac69740;
    %load/vec4 v0x7ab030780_0;
    %nor/r;
    %flag_set/vec4 8;
    %jmp/0xz  T_1.0, 8;
    %pushi/vec4 0, 0, 16;
    %assign/vec4 v0x7ab0306e0_0, 0;
    %pushi/vec4 0, 0, 16;
    %assign/vec4 v0x7ab030640_0, 0;
    %pushi/vec4 0, 0, 1;
    %assign/vec4 v0x7ab0308c0_0, 0;
    %jmp T_1.1;
T_1.0 ;
    %load/vec4 v0x7ab030280_0;
    %load/vec4 v0x7ab030320_0;
    %xor;
    %load/vec4 v0x7ab0303c0_0;
    %xor;
    %store/vec4 v0x7ab030960_0, 0, 16;
    %load/vec4 v0x7ab030280_0;
    %load/vec4 v0x7ab030320_0;
    %and;
    %load/vec4 v0x7ab030320_0;
    %load/vec4 v0x7ab0303c0_0;
    %and;
    %or;
    %load/vec4 v0x7ab030280_0;
    %load/vec4 v0x7ab0303c0_0;
    %and;
    %or;
    %store/vec4 v0x1034c80e0_0, 0, 16;
    %load/vec4 v0x1034c80e0_0;
    %ix/load 4, 1, 0;
    %flag_set/imm 4, 0;
    %shiftl 4;
    %store/vec4 v0x1034c80e0_0, 0, 16;
    %load/vec4 v0x7ab030460_0;
    %load/vec4 v0x7ab030500_0;
    %xor;
    %load/vec4 v0x7ab0305a0_0;
    %xor;
    %store/vec4 v0x7ab030a00_0, 0, 16;
    %load/vec4 v0x7ab030460_0;
    %load/vec4 v0x7ab030500_0;
    %and;
    %load/vec4 v0x7ab030500_0;
    %load/vec4 v0x7ab0305a0_0;
    %and;
    %or;
    %load/vec4 v0x7ab030460_0;
    %load/vec4 v0x7ab0305a0_0;
    %and;
    %or;
    %store/vec4 v0x1034c8180_0, 0, 16;
    %load/vec4 v0x1034c8180_0;
    %ix/load 4, 1, 0;
    %flag_set/imm 4, 0;
    %shiftl 4;
    %store/vec4 v0x1034c8180_0, 0, 16;
    %load/vec4 v0x7ab030960_0;
    %load/vec4 v0x1034c80e0_0;
    %xor;
    %load/vec4 v0x7ab030a00_0;
    %xor;
    %store/vec4 v0x7ab030aa0_0, 0, 16;
    %load/vec4 v0x7ab030960_0;
    %load/vec4 v0x1034c80e0_0;
    %and;
    %load/vec4 v0x1034c80e0_0;
    %load/vec4 v0x7ab030a00_0;
    %and;
    %or;
    %load/vec4 v0x7ab030960_0;
    %load/vec4 v0x7ab030a00_0;
    %and;
    %or;
    %store/vec4 v0x1034c8220_0, 0, 16;
    %load/vec4 v0x1034c8220_0;
    %ix/load 4, 1, 0;
    %flag_set/imm 4, 0;
    %shiftl 4;
    %store/vec4 v0x1034c8220_0, 0, 16;
    %load/vec4 v0x7ab030aa0_0;
    %load/vec4 v0x1034c8180_0;
    %xor;
    %assign/vec4 v0x7ab0306e0_0, 0;
    %load/vec4 v0x1034c8220_0;
    %load/vec4 v0x7ab030aa0_0;
    %load/vec4 v0x1034c8180_0;
    %and;
    %ix/load 4, 1, 0;
    %flag_set/imm 4, 0;
    %shiftl 4;
    %add;
    %assign/vec4 v0x7ab030640_0, 0;
    %load/vec4 v0x7ab030820_0;
    %assign/vec4 v0x7ab0308c0_0, 0;
T_1.1 ;
    %jmp T_1;
    .thread T_1;
    .scope S_0x1034cd630;
T_2 ;
    %wait E_0x7aac69740;
    %load/vec4 v0x7ab030780_0;
    %nor/r;
    %flag_set/vec4 8;
    %jmp/0xz  T_2.0, 8;
    %pushi/vec4 0, 0, 16;
    %assign/vec4 v0x7ab0301e0_0, 0;
    %pushi/vec4 0, 0, 1;
    %assign/vec4 v0x7ab030c80_0, 0;
    %jmp T_2.1;
T_2.0 ;
    %load/vec4 v0x7ab0306e0_0;
    %load/vec4 v0x7ab030640_0;
    %add;
    %assign/vec4 v0x7ab0301e0_0, 0;
    %load/vec4 v0x7ab0308c0_0;
    %assign/vec4 v0x7ab030c80_0, 0;
T_2.1 ;
    %jmp T_2;
    .thread T_2;
    .scope S_0x1034cd4b0;
T_3 ;
    %pushi/vec4 0, 0, 1;
    %store/vec4 v0x7ab030e60_0, 0, 1;
    %end;
    .thread T_3;
    .scope S_0x1034cd4b0;
T_4 ;
    %delay 10, 0;
    %load/vec4 v0x7ab030e60_0;
    %inv;
    %store/vec4 v0x7ab030e60_0, 0, 1;
    %jmp T_4;
    .thread T_4;
    .scope S_0x1034cd4b0;
T_5 ;
    %wait E_0x7aac696c0;
    %load/vec4 v0x7ab0310e0_0;
    %pad/u 32;
    %cmpi/e 1, 0, 32;
    %jmp/0xz  T_5.0, 4;
    %vpi_call 2 33 "$display", "Time=%0t  ->  product = %0d", $time, v0x7ab030f00_0 {0 0 0};
T_5.0 ;
    %jmp T_5;
    .thread T_5;
    .scope S_0x1034cd4b0;
T_6 ;
    %vpi_call 2 39 "$dumpfile", "waveform.vcd" {0 0 0};
    %vpi_call 2 41 "$dumpvars", 32'sb00000000000000000000000000000000, S_0x1034cd4b0 {0 0 0};
    %pushi/vec4 0, 0, 1;
    %store/vec4 v0x7ab030fa0_0, 0, 1;
    %pushi/vec4 0, 0, 1;
    %store/vec4 v0x7ab031040_0, 0, 1;
    %pushi/vec4 0, 0, 8;
    %store/vec4 v0x7ab030d20_0, 0, 8;
    %pushi/vec4 0, 0, 8;
    %store/vec4 v0x7ab030dc0_0, 0, 8;
    %wait E_0x7aac696c0;
    %wait E_0x7aac696c0;
    %wait E_0x7aac696c0;
    %pushi/vec4 1, 0, 1;
    %store/vec4 v0x7ab030fa0_0, 0, 1;
    %wait E_0x7aac696c0;
    %vpi_call 2 58 "$display", "Starting tests..." {0 0 0};
    %pushi/vec4 3, 0, 8;
    %store/vec4 v0x7ab030d20_0, 0, 8;
    %pushi/vec4 5, 0, 8;
    %store/vec4 v0x7ab030dc0_0, 0, 8;
    %pushi/vec4 1, 0, 1;
    %store/vec4 v0x7ab031040_0, 0, 1;
    %wait E_0x7aac696c0;
    %pushi/vec4 0, 0, 1;
    %store/vec4 v0x7ab031040_0, 0, 1;
    %wait E_0x7aac696c0;
    %wait E_0x7aac696c0;
    %wait E_0x7aac696c0;
    %pushi/vec4 10, 0, 8;
    %store/vec4 v0x7ab030d20_0, 0, 8;
    %pushi/vec4 10, 0, 8;
    %store/vec4 v0x7ab030dc0_0, 0, 8;
    %pushi/vec4 1, 0, 1;
    %store/vec4 v0x7ab031040_0, 0, 1;
    %wait E_0x7aac696c0;
    %pushi/vec4 0, 0, 1;
    %store/vec4 v0x7ab031040_0, 0, 1;
    %wait E_0x7aac696c0;
    %wait E_0x7aac696c0;
    %wait E_0x7aac696c0;
    %pushi/vec4 255, 0, 8;
    %store/vec4 v0x7ab030d20_0, 0, 8;
    %pushi/vec4 255, 0, 8;
    %store/vec4 v0x7ab030dc0_0, 0, 8;
    %pushi/vec4 1, 0, 1;
    %store/vec4 v0x7ab031040_0, 0, 1;
    %wait E_0x7aac696c0;
    %pushi/vec4 0, 0, 1;
    %store/vec4 v0x7ab031040_0, 0, 1;
    %wait E_0x7aac696c0;
    %wait E_0x7aac696c0;
    %wait E_0x7aac696c0;
    %pushi/vec4 0, 0, 8;
    %store/vec4 v0x7ab030d20_0, 0, 8;
    %pushi/vec4 200, 0, 8;
    %store/vec4 v0x7ab030dc0_0, 0, 8;
    %pushi/vec4 1, 0, 1;
    %store/vec4 v0x7ab031040_0, 0, 1;
    %wait E_0x7aac696c0;
    %pushi/vec4 0, 0, 1;
    %store/vec4 v0x7ab031040_0, 0, 1;
    %wait E_0x7aac696c0;
    %wait E_0x7aac696c0;
    %wait E_0x7aac696c0;
    %pushi/vec4 128, 0, 8;
    %store/vec4 v0x7ab030d20_0, 0, 8;
    %pushi/vec4 2, 0, 8;
    %store/vec4 v0x7ab030dc0_0, 0, 8;
    %pushi/vec4 1, 0, 1;
    %store/vec4 v0x7ab031040_0, 0, 1;
    %wait E_0x7aac696c0;
    %pushi/vec4 0, 0, 1;
    %store/vec4 v0x7ab031040_0, 0, 1;
    %wait E_0x7aac696c0;
    %wait E_0x7aac696c0;
    %wait E_0x7aac696c0;
    %pushi/vec4 4, 0, 8;
    %store/vec4 v0x7ab030d20_0, 0, 8;
    %pushi/vec4 4, 0, 8;
    %store/vec4 v0x7ab030dc0_0, 0, 8;
    %pushi/vec4 1, 0, 1;
    %store/vec4 v0x7ab031040_0, 0, 1;
    %wait E_0x7aac696c0;
    %pushi/vec4 6, 0, 8;
    %store/vec4 v0x7ab030d20_0, 0, 8;
    %pushi/vec4 7, 0, 8;
    %store/vec4 v0x7ab030dc0_0, 0, 8;
    %wait E_0x7aac696c0;
    %pushi/vec4 9, 0, 8;
    %store/vec4 v0x7ab030d20_0, 0, 8;
    %pushi/vec4 9, 0, 8;
    %store/vec4 v0x7ab030dc0_0, 0, 8;
    %wait E_0x7aac696c0;
    %pushi/vec4 0, 0, 1;
    %store/vec4 v0x7ab031040_0, 0, 1;
    %pushi/vec4 0, 0, 8;
    %store/vec4 v0x7ab030d20_0, 0, 8;
    %pushi/vec4 0, 0, 8;
    %store/vec4 v0x7ab030dc0_0, 0, 8;
    %wait E_0x7aac696c0;
    %wait E_0x7aac696c0;
    %wait E_0x7aac696c0;
    %wait E_0x7aac696c0;
    %vpi_call 2 117 "$display", "Tests done. Check the printed products above against:" {0 0 0};
    %vpi_call 2 118 "$display", "Expected: 15, 100, 65025, 0, 256, then 16, 42, 81" {0 0 0};
    %vpi_call 2 120 "$finish" {0 0 0};
    %end;
    .thread T_6;
# The file index is used to find the file name in the following table.
:file_names 4;
    "N/A";
    "<interactive>";
    "tb_wallace_mult_8bit.v";
    "wallace_mult_8bit.v";
